[1774144690.745][INFO]: Starting ChromeDriver 143.0.7499.192 (be2c1f4fd451578a9ada68a0ac12d659362b44bf-refs/branch-heads/7499@{#4083}) on port 51165
[1774144690.745][INFO]: Please see https://chromedriver.chromium.org/security-considerations for suggestions on keeping ChromeDriver safe.
[1774144690.757][INFO]: ChromeDriver was started successfully on port 51165
[1774144690.783][INFO]: [26e6b2d862050371730f85474221bbff] COMMAND InitSession {
   "capabilities": {
      "alwaysMatch": {
         "browserName": "chrome",
         "browserVersion": null,
         "goog:chromeOptions": {
            "args": [ "--headless=new", "--user-data-dir=/Users/mac/Desktop/git/amazon_auto/.run_home/tmp_profile", "--window-size=1400,1000", "--disable-breakpad", "--disable-crash-reporter", "--disable-features=Crashpad", "--no-first-run" ],
            "binary": "/Applications/Google Chrome.app/Contents/MacOS/Google Chrome",
            "extensions": [  ]
         },
         "pageLoadStrategy": "normal"
      },
      "firstMatch": [ {
      } ]
   }
}
[1774144690.783][INFO]: Populating Preferences file: {
   "alternate_error_pages": {
      "enabled": false
   },
   "autofill": {
      "enabled": false
   },
   "browser": {
      "check_default_browser": false
   },
   "distribution": {
      "import_bookmarks": false,
      "import_history": false,
      "import_search_engine": false,
      "make_chrome_default_for_user": false,
      "skip_first_run_ui": true
   },
   "dns_prefetching": {
      "enabled": false
   },
   "profile": {
      "content_settings": {
         "pattern_pairs": {
            "https://*,*": {
               "media-stream": {
                  "audio": "Default",
                  "video": "Default"
               }
            }
         }
      },
      "default_content_setting_values": {
         "geolocation": 1
      },
      "default_content_settings": {
         "geolocation": 1,
         "mouselock": 1,
         "notifications": 1,
         "popups": 1,
         "ppapi-broker": 1
      },
      "password_manager_enabled": false
   },
   "safebrowsing": {
      "enabled": false
   },
   "search": {
      "suggest_enabled": false
   },
   "translate": {
      "enabled": false
   }
}
[1774144690.783][INFO]: Populating Local State file: {
   "background_mode": {
      "enabled": false
   },
   "ssl": {
      "rev_checking": {
         "enabled": false
      }
   }
}
[1774144690.784][INFO]: ChromeDriver supports communication with Chrome via pipes. This is more reliable and more secure.
[1774144690.784][INFO]: Use the --remote-debugging-pipe Chrome switch instead of the default --remote-debugging-port to enable this communication mode.
[1774144690.784][INFO]: Launching chrome: /Applications/Google Chrome.app/Contents/MacOS/Google Chrome --allow-pre-commit-input --disable-background-networking --disable-breakpad --disable-client-side-phishing-detection --disable-crash-reporter --disable-default-apps --disable-features=IgnoreDuplicateNavs,Prewarm,Crashpad --disable-hang-monitor --disable-popup-blocking --disable-prompt-on-repost --disable-sync --enable-automation --enable-logging=stderr --headless=new --log-level=0 --no-first-run --no-service-autorun --password-store=basic --remote-debugging-port=0 --test-type=webdriver --use-mock-keychain --user-data-dir=/Users/mac/Desktop/git/amazon_auto/.run_home/tmp_profile --window-size=1400,1000
[0322/095810.821568:ERROR:third_party/crashpad/crashpad/util/mach/bootstrap.cc:65] bootstrap_check_in org.chromium.crashpad.child_port_handshake.49125.19454973.DRVTZDKGHCCYXOVH: Permission denied (1100)
[0322/095810.901647:ERROR:third_party/crashpad/crashpad/util/file/file_io.cc:103] ReadExactly: expected 4, observed 0
[0322/095810.903681:ERROR:third_party/crashpad/crashpad/util/file/file_io_posix.cc:208] open /Users/mac/Library/Application Support/Google/Chrome/Crashpad/settings.dat: Operation not permitted (1)
[0322/095810.904267:ERROR:third_party/crashpad/crashpad/util/file/file_io_posix.cc:208] open /Users/mac/Library/Application Support/Google/Chrome/Crashpad/settings.dat: Operation not permitted (1)
[1774144691.222][INFO]: [26e6b2d862050371730f85474221bbff] RESPONSE InitSession ERROR session not created: Chrome instance exited. Examine ChromeDriver verbose log to determine the cause.
